<?xml version="1.0" encoding="UTF-8"?>
<testsuite name="TestSuite" time="0.001" tests="11" errors="0" skipped="0" failures="0">
  <properties>
[...]
</properties>
  <testcase name="testSample1(TestCase1)" classname="qa.tests.MyTest" time="0.001"/>
  <testcase name="testSample1(TestCase2)" classname="qa.tests.MyTest" time="0"/>
  <testcase name="testSample1(TestCase3)" classname="qa.tests.MyTest" time="0"/>
  <testcase name="testSample1(TestCase4)" classname="qa.tests.MyTest" time="0"/>
  <testcase name="testSample1(TestCase5)" classname="qa.tests.MyTest" time="0"/>
  <testcase name="testSample2(TestCase1)" classname="qa.tests.MyTest" time="0"/>
  <testcase name="testSample2(TestCase2)" classname="qa.tests.MyTest" time="0"/>
  <testcase name="testSample2(TestCase3)" classname="qa.tests.MyTest" time="0"/>
  <testcase name="testSample2(TestCase4)" classname="qa.tests.MyTest" time="0"/>
  <testcase name="testSample2(TestCase5)" classname="qa.tests.MyTest" time="0"/>
  <testcase name="testSample3()" classname="qa.tests.MyTest" time="0"/>
</testsuite>