<?xml version="1.0" encoding="UTF-8"?>
<!-- Generated by org.testng.reporters.JUnitXMLReporter -->
<testsuite hostname="THORPC" name="Main Test Group" tests="11" failures="0" timestamp="8 Jul 2014 17:55:56 GMT" time="0.022" errors="0">
  <testcase name="testSample1(TestCase1)" time="0.0" classname="qa.tests.MyTest"/>
  <testcase name="testSample1(TestCase2)" time="0.0" classname="qa.tests.MyTest"/>
  <testcase name="testSample1(TestCase3)" time="0.0" classname="qa.tests.MyTest"/>
  <testcase name="testSample1(TestCase4)" time="0.0" classname="qa.tests.MyTest"/>
  <testcase name="testSample1(TestCase5)" time="0.0" classname="qa.tests.MyTest"/>
  <testcase name="testSample2(TestCase1)" time="0.0" classname="qa.tests.MyTest"/>
  <testcase name="testSample2(TestCase2)" time="0.0" classname="qa.tests.MyTest"/>
  <testcase name="testSample2(TestCase3)" time="0.0" classname="qa.tests.MyTest"/>
  <testcase name="testSample2(TestCase4)" time="0.0" classname="qa.tests.MyTest"/>
  <testcase name="testSample2(TestCase5)" time="0.0" classname="qa.tests.MyTest"/>
  <testcase name="testSample3()" time="0.0" classname="qa.tests.MyTest"/>
</testsuite> <!-- Main Test Group -->
